<?xml version="1.0" encoding="UTF-8"?>
<testsuite name="com.jaletechs.png.PNGUtilTest" tests="1" skipped="0" failures="0" errors="0" timestamp="2019-05-29T18:33:53" hostname="jaletechs-MacBook-Pro.local" time="0.001">
  <properties/>
  <testcase name="testIsPrimeNumber" classname="com.jaletechs.png.PNGUtilTest" time="0.001"/>
  <system-out><![CDATA[]]></system-out>
  <system-err><![CDATA[]]></system-err>
</testsuite>
