<?xml version="1.0" encoding="UTF-8"?>
<testsuite name="com.jaletechs.png.SampleTest" tests="1" skipped="0" failures="0" errors="0" timestamp="2019-05-29T18:33:53" hostname="jaletechs-MacBook-Pro.local" time="0.0">
  <properties/>
  <testcase name="testAdd" classname="com.jaletechs.png.SampleTest" time="0.0"/>
  <system-out><![CDATA[]]></system-out>
  <system-err><![CDATA[]]></system-err>
</testsuite>
